<?xml version="1.0" encoding="UTF-8"?>
<testsuite name="com.springboot_board.springboot.domain.posts.PostsRepositoryTest" tests="1" skipped="0" failures="0" errors="0" timestamp="2021-06-19T17:59:43" hostname="hong-yuseog-ui-MacBookPro.local" time="0.233">
  <properties/>
  <testcase name="게시글저장_불로오기" classname="com.springboot_board.springboot.domain.posts.PostsRepositoryTest" time="0.233"/>
  <system-out><![CDATA[02:59:40.131 [Test worker] DEBUG org.springframework.test.context.junit4.SpringJUnit4ClassRunner - SpringJUnit4ClassRunner constructor called with [class com.springboot_board.springboot.domain.posts.PostsRepositoryTest]
02:59:40.136 [Test worker] DEBUG org.springframework.test.context.BootstrapUtils - Instantiating CacheAwareContextLoaderDelegate from class [org.springframework.test.context.cache.DefaultCacheAwareContextLoaderDelegate]
02:59:40.141 [Test worker] DEBUG org.springframework.test.context.BootstrapUtils - Instantiating BootstrapContext using constructor [public org.springframework.test.context.support.DefaultBootstrapContext(java.lang.Class,org.springframework.test.context.CacheAwareContextLoaderDelegate)]
02:59:40.152 [Test worker] DEBUG org.springframework.test.context.BootstrapUtils - Instantiating TestContextBootstrapper for test class [com.springboot_board.springboot.domain.posts.PostsRepositoryTest] from class [org.springframework.boot.test.context.SpringBootTestContextBootstrapper]
02:59:40.159 [Test worker] INFO org.springframework.boot.test.context.SpringBootTestContextBootstrapper - Neither @ContextConfiguration nor @ContextHierarchy found for test class [com.springboot_board.springboot.domain.posts.PostsRepositoryTest], using SpringBootContextLoader
02:59:40.161 [Test worker] DEBUG org.springframework.test.context.support.AbstractContextLoader - Did not detect default resource location for test class [com.springboot_board.springboot.domain.posts.PostsRepositoryTest]: class path resource [com/springboot_board/springboot/domain/posts/PostsRepositoryTest-context.xml] does not exist
02:59:40.162 [Test worker] DEBUG org.springframework.test.context.support.AbstractContextLoader - Did not detect default resource location for test class [com.springboot_board.springboot.domain.posts.PostsRepositoryTest]: class path resource [com/springboot_board/springboot/domain/posts/PostsRepositoryTestContext.groovy] does not exist
02:59:40.162 [Test worker] INFO org.springframework.test.context.support.AbstractContextLoader - Could not detect default resource locations for test class [com.springboot_board.springboot.domain.posts.PostsRepositoryTest]: no resource found for suffixes {-context.xml, Context.groovy}.
02:59:40.163 [Test worker] INFO org.springframework.test.context.support.AnnotationConfigContextLoaderUtils - Could not detect default configuration classes for test class [com.springboot_board.springboot.domain.posts.PostsRepositoryTest]: PostsRepositoryTest does not declare any static, non-private, non-final, nested classes annotated with @Configuration.
02:59:40.191 [Test worker] DEBUG org.springframework.test.context.support.ActiveProfilesUtils - Could not find an 'annotation declaring class' for annotation type [org.springframework.test.context.ActiveProfiles] and class [com.springboot_board.springboot.domain.posts.PostsRepositoryTest]
02:59:40.238 [Test worker] DEBUG org.springframework.context.annotation.ClassPathScanningCandidateComponentProvider - Identified candidate component class: file [/Users/hong-yuseok/spring_boot/springboot_board/build/classes/java/main/com/springboot_board/springboot/Application.class]
02:59:40.239 [Test worker] INFO org.springframework.boot.test.context.SpringBootTestContextBootstrapper - Found @SpringBootConfiguration com.springboot_board.springboot.Application for test class com.springboot_board.springboot.domain.posts.PostsRepositoryTest
02:59:40.298 [Test worker] DEBUG org.springframework.boot.test.context.SpringBootTestContextBootstrapper - @TestExecutionListeners is not present for class [com.springboot_board.springboot.domain.posts.PostsRepositoryTest]: using defaults.
02:59:40.298 [Test worker] INFO org.springframework.boot.test.context.SpringBootTestContextBootstrapper - Loaded default TestExecutionListener class names from location [META-INF/spring.factories]: [org.springframework.boot.test.autoconfigure.restdocs.RestDocsTestExecutionListener, org.springframework.boot.test.autoconfigure.web.client.MockRestServiceServerResetTestExecutionListener, org.springframework.boot.test.autoconfigure.web.servlet.MockMvcPrintOnlyOnFailureTestExecutionListener, org.springframework.boot.test.autoconfigure.web.servlet.WebDriverTestExecutionListener, org.springframework.boot.test.mock.mockito.MockitoTestExecutionListener, org.springframework.boot.test.mock.mockito.ResetMocksTestExecutionListener, org.springframework.test.context.web.ServletTestExecutionListener, org.springframework.test.context.support.DirtiesContextBeforeModesTestExecutionListener, org.springframework.test.context.support.DependencyInjectionTestExecutionListener, org.springframework.test.context.support.DirtiesContextTestExecutionListener, org.springframework.test.context.transaction.TransactionalTestExecutionListener, org.springframework.test.context.jdbc.SqlScriptsTestExecutionListener]
02:59:40.308 [Test worker] INFO org.springframework.boot.test.context.SpringBootTestContextBootstrapper - Using TestExecutionListeners: [org.springframework.test.context.web.ServletTestExecutionListener@2b9bf557, org.springframework.test.context.support.DirtiesContextBeforeModesTestExecutionListener@6e337bde, org.springframework.boot.test.mock.mockito.MockitoTestExecutionListener@16137bee, org.springframework.boot.test.autoconfigure.SpringBootDependencyInjectionTestExecutionListener@3662a455, org.springframework.test.context.support.DirtiesContextTestExecutionListener@42a7de83, org.springframework.test.context.transaction.TransactionalTestExecutionListener@373fa082, org.springframework.test.context.jdbc.SqlScriptsTestExecutionListener@3afe7180, org.springframework.boot.test.autoconfigure.restdocs.RestDocsTestExecutionListener@199d2a86, org.springframework.boot.test.autoconfigure.web.client.MockRestServiceServerResetTestExecutionListener@6532acf0, org.springframework.boot.test.autoconfigure.web.servlet.MockMvcPrintOnlyOnFailureTestExecutionListener@2f432b64, org.springframework.boot.test.autoconfigure.web.servlet.WebDriverTestExecutionListener@66782d7d, org.springframework.boot.test.mock.mockito.ResetMocksTestExecutionListener@16c1f22e]
02:59:40.311 [Test worker] DEBUG org.springframework.test.annotation.ProfileValueUtils - Retrieved @ProfileValueSourceConfiguration [null] for test class [com.springboot_board.springboot.domain.posts.PostsRepositoryTest]
02:59:40.312 [Test worker] DEBUG org.springframework.test.annotation.ProfileValueUtils - Retrieved ProfileValueSource type [class org.springframework.test.annotation.SystemProfileValueSource] for class [com.springboot_board.springboot.domain.posts.PostsRepositoryTest]
02:59:40.315 [Test worker] DEBUG org.springframework.test.annotation.ProfileValueUtils - Retrieved @ProfileValueSourceConfiguration [null] for test class [com.springboot_board.springboot.domain.posts.PostsRepositoryTest]
02:59:40.316 [Test worker] DEBUG org.springframework.test.annotation.ProfileValueUtils - Retrieved ProfileValueSource type [class org.springframework.test.annotation.SystemProfileValueSource] for class [com.springboot_board.springboot.domain.posts.PostsRepositoryTest]
02:59:40.316 [Test worker] DEBUG org.springframework.test.annotation.ProfileValueUtils - Retrieved @ProfileValueSourceConfiguration [null] for test class [com.springboot_board.springboot.domain.posts.PostsRepositoryTest]
02:59:40.317 [Test worker] DEBUG org.springframework.test.annotation.ProfileValueUtils - Retrieved ProfileValueSource type [class org.springframework.test.annotation.SystemProfileValueSource] for class [com.springboot_board.springboot.domain.posts.PostsRepositoryTest]
02:59:40.319 [Test worker] DEBUG org.springframework.test.context.support.AbstractDirtiesContextTestExecutionListener - Before test class: context [DefaultTestContext@57f05a06 testClass = PostsRepositoryTest, testInstance = [null], testMethod = [null], testException = [null], mergedContextConfiguration = [WebMergedContextConfiguration@2e03a4c8 testClass = PostsRepositoryTest, locations = '{}', classes = '{class com.springboot_board.springboot.Application}', contextInitializerClasses = '[]', activeProfiles = '{}', propertySourceLocations = '{}', propertySourceProperties = '{org.springframework.boot.test.context.SpringBootTestContextBootstrapper=true}', contextCustomizers = set[org.springframework.boot.test.autoconfigure.properties.PropertyMappingContextCustomizer@0, org.springframework.boot.test.autoconfigure.web.servlet.WebDriverContextCustomizerFactory$Customizer@4840f7e1, org.springframework.boot.test.context.filter.ExcludeFilterContextCustomizer@60ff698f, org.springframework.boot.test.json.DuplicateJsonObjectContextCustomizerFactory$DuplicateJsonObjectContextCustomizer@5e0c541f, org.springframework.boot.test.mock.mockito.MockitoContextCustomizer@0, org.springframework.boot.test.web.client.TestRestTemplateContextCustomizer@7cb5831a], resourceBasePath = 'src/main/webapp', contextLoader = 'org.springframework.boot.test.context.SpringBootContextLoader', parent = [null]], attributes = map['org.springframework.test.context.web.ServletTestExecutionListener.activateListener' -> true]], class annotated with @DirtiesContext [false] with mode [null].
02:59:40.320 [Test worker] DEBUG org.springframework.test.annotation.ProfileValueUtils - Retrieved @ProfileValueSourceConfiguration [null] for test class [com.springboot_board.springboot.domain.posts.PostsRepositoryTest]
02:59:40.320 [Test worker] DEBUG org.springframework.test.annotation.ProfileValueUtils - Retrieved ProfileValueSource type [class org.springframework.test.annotation.SystemProfileValueSource] for class [com.springboot_board.springboot.domain.posts.PostsRepositoryTest]
02:59:40.334 [Test worker] DEBUG org.springframework.test.context.support.TestPropertySourceUtils - Adding inlined properties to environment: {spring.jmx.enabled=false, org.springframework.boot.test.context.SpringBootTestContextBootstrapper=true, server.port=-1}

  .   ____          _            __ _ _
 /\\ / ___'_ __ _ _(_)_ __  __ _ \ \ \ \
( ( )\___ | '_ | '_| | '_ \/ _` | \ \ \ \
 \\/  ___)| |_)| | | | | || (_| |  ) ) ) )
  '  |____| .__|_| |_|_| |_\__, | / / / /
 =========|_|==============|___/=/_/_/_/
 :: Spring Boot ::        (v2.1.7.RELEASE)

2021-06-20 02:59:40.516  INFO 8007 --- [    Test worker] c.s.s.domain.posts.PostsRepositoryTest   : Starting PostsRepositoryTest on hong-yuseog-ui-MacBookPro.local with PID 8007 (started by hong-yuseok in /Users/hong-yuseok/spring_boot/springboot_board)
2021-06-20 02:59:40.517  INFO 8007 --- [    Test worker] c.s.s.domain.posts.PostsRepositoryTest   : No active profile set, falling back to default profiles: default
2021-06-20 02:59:41.037  INFO 8007 --- [    Test worker] .s.d.r.c.RepositoryConfigurationDelegate : Bootstrapping Spring Data repositories in DEFAULT mode.
2021-06-20 02:59:41.081  INFO 8007 --- [    Test worker] .s.d.r.c.RepositoryConfigurationDelegate : Finished Spring Data repository scanning in 37ms. Found 1 repository interfaces.
2021-06-20 02:59:41.336  INFO 8007 --- [    Test worker] trationDelegate$BeanPostProcessorChecker : Bean 'org.springframework.transaction.annotation.ProxyTransactionManagementConfiguration' of type [org.springframework.transaction.annotation.ProxyTransactionManagementConfiguration$$EnhancerBySpringCGLIB$$f53da243] is not eligible for getting processed by all BeanPostProcessors (for example: not eligible for auto-proxying)
2021-06-20 02:59:41.507  INFO 8007 --- [    Test worker] com.zaxxer.hikari.HikariDataSource       : HikariPool-1 - Starting...
2021-06-20 02:59:41.624  INFO 8007 --- [    Test worker] com.zaxxer.hikari.HikariDataSource       : HikariPool-1 - Start completed.
2021-06-20 02:59:41.690  INFO 8007 --- [    Test worker] o.hibernate.jpa.internal.util.LogHelper  : HHH000204: Processing PersistenceUnitInfo [
	name: default
	...]
2021-06-20 02:59:41.746  INFO 8007 --- [    Test worker] org.hibernate.Version                    : HHH000412: Hibernate Core {5.3.10.Final}
2021-06-20 02:59:41.748  INFO 8007 --- [    Test worker] org.hibernate.cfg.Environment            : HHH000206: hibernate.properties not found
2021-06-20 02:59:41.871  INFO 8007 --- [    Test worker] o.hibernate.annotations.common.Version   : HCANN000001: Hibernate Commons Annotations {5.0.4.Final}
2021-06-20 02:59:42.000  INFO 8007 --- [    Test worker] org.hibernate.dialect.Dialect            : HHH000400: Using dialect: org.hibernate.dialect.MySQL5InnoDBDialect
Hibernate: drop table if exists posts
Hibernate: create table posts (id bigint not null auto_increment, author varchar(255), content TEXT not null, title varchar(500) not null, primary key (id)) engine=InnoDB
2021-06-20 02:59:42.444  INFO 8007 --- [    Test worker] o.h.t.schema.internal.SchemaCreatorImpl  : HHH000476: Executing import script 'org.hibernate.tool.schema.internal.exec.ScriptSourceInputNonExistentImpl@580ceb63'
2021-06-20 02:59:42.448  INFO 8007 --- [    Test worker] j.LocalContainerEntityManagerFactoryBean : Initialized JPA EntityManagerFactory for persistence unit 'default'
2021-06-20 02:59:43.052  INFO 8007 --- [    Test worker] o.s.s.concurrent.ThreadPoolTaskExecutor  : Initializing ExecutorService 'applicationTaskExecutor'
2021-06-20 02:59:43.088  WARN 8007 --- [    Test worker] aWebConfiguration$JpaWebMvcConfiguration : spring.jpa.open-in-view is enabled by default. Therefore, database queries may be performed during view rendering. Explicitly configure spring.jpa.open-in-view to disable this warning
2021-06-20 02:59:43.315  INFO 8007 --- [    Test worker] c.s.s.domain.posts.PostsRepositoryTest   : Started PostsRepositoryTest in 2.975 seconds (JVM running for 3.599)
Hibernate: insert into posts (author, content, title) values (?, ?, ?)
2021-06-20 02:59:43.469  INFO 8007 --- [    Test worker] o.h.h.i.QueryTranslatorFactoryInitiator  : HHH000397: Using ASTQueryTranslatorFactory
Hibernate: select posts0_.id as id1_0_, posts0_.author as author2_0_, posts0_.content as content3_0_, posts0_.title as title4_0_ from posts posts0_
Hibernate: select posts0_.id as id1_0_, posts0_.author as author2_0_, posts0_.content as content3_0_, posts0_.title as title4_0_ from posts posts0_
Hibernate: delete from posts where id=?
]]></system-out>
  <system-err><![CDATA[]]></system-err>
</testsuite>
