<?xml version="1.0" encoding="UTF-8"?>
<testsuite name="com.springboot_board.springboot.web.IndexControllerTest" tests="1" skipped="0" failures="0" errors="0" timestamp="2021-07-01T17:22:43" hostname="hong-yuseog-ui-MacBookPro.local" time="0.231">
  <properties/>
  <testcase name="메인페이지_로딩" classname="com.springboot_board.springboot.web.IndexControllerTest" time="0.231"/>
  <system-out><![CDATA[2021-07-02 02:22:39.366  INFO 19250 --- [    Test worker] .b.t.c.SpringBootTestContextBootstrapper : Neither @ContextConfiguration nor @ContextHierarchy found for test class [com.springboot_board.springboot.web.IndexControllerTest], using SpringBootContextLoader
2021-07-02 02:22:39.367  INFO 19250 --- [    Test worker] o.s.t.c.support.AbstractContextLoader    : Could not detect default resource locations for test class [com.springboot_board.springboot.web.IndexControllerTest]: no resource found for suffixes {-context.xml, Context.groovy}.
2021-07-02 02:22:39.368  INFO 19250 --- [    Test worker] t.c.s.AnnotationConfigContextLoaderUtils : Could not detect default configuration classes for test class [com.springboot_board.springboot.web.IndexControllerTest]: IndexControllerTest does not declare any static, non-private, non-final, nested classes annotated with @Configuration.
2021-07-02 02:22:39.370  INFO 19250 --- [    Test worker] .b.t.c.SpringBootTestContextBootstrapper : Found @SpringBootConfiguration com.springboot_board.springboot.Application for test class com.springboot_board.springboot.web.IndexControllerTest
2021-07-02 02:22:39.371  INFO 19250 --- [    Test worker] .b.t.c.SpringBootTestContextBootstrapper : Loaded default TestExecutionListener class names from location [META-INF/spring.factories]: [org.springframework.security.test.context.support.WithSecurityContextTestExecutionListener, org.springframework.security.test.context.support.ReactorContextTestExecutionListener, org.springframework.boot.test.autoconfigure.restdocs.RestDocsTestExecutionListener, org.springframework.boot.test.autoconfigure.web.client.MockRestServiceServerResetTestExecutionListener, org.springframework.boot.test.autoconfigure.web.servlet.MockMvcPrintOnlyOnFailureTestExecutionListener, org.springframework.boot.test.autoconfigure.web.servlet.WebDriverTestExecutionListener, org.springframework.boot.test.mock.mockito.MockitoTestExecutionListener, org.springframework.boot.test.mock.mockito.ResetMocksTestExecutionListener, org.springframework.test.context.web.ServletTestExecutionListener, org.springframework.test.context.support.DirtiesContextBeforeModesTestExecutionListener, org.springframework.test.context.support.DependencyInjectionTestExecutionListener, org.springframework.test.context.support.DirtiesContextTestExecutionListener, org.springframework.test.context.transaction.TransactionalTestExecutionListener, org.springframework.test.context.jdbc.SqlScriptsTestExecutionListener]
2021-07-02 02:22:39.372  INFO 19250 --- [    Test worker] .b.t.c.SpringBootTestContextBootstrapper : Using TestExecutionListeners: [org.springframework.test.context.web.ServletTestExecutionListener@4d916167, org.springframework.test.context.support.DirtiesContextBeforeModesTestExecutionListener@2814850f, org.springframework.boot.test.mock.mockito.MockitoTestExecutionListener@ea647b5, org.springframework.boot.test.autoconfigure.SpringBootDependencyInjectionTestExecutionListener@4fa46902, org.springframework.test.context.support.DirtiesContextTestExecutionListener@9f8a3c8, org.springframework.test.context.transaction.TransactionalTestExecutionListener@5c87305, org.springframework.test.context.jdbc.SqlScriptsTestExecutionListener@39ef17e6, org.springframework.security.test.context.support.WithSecurityContextTestExecutionListener@556f85a0, org.springframework.security.test.context.support.ReactorContextTestExecutionListener@19c58a26, org.springframework.boot.test.autoconfigure.restdocs.RestDocsTestExecutionListener@5f538240, org.springframework.boot.test.autoconfigure.web.client.MockRestServiceServerResetTestExecutionListener@1e42ee6b, org.springframework.boot.test.autoconfigure.web.servlet.MockMvcPrintOnlyOnFailureTestExecutionListener@37293a86, org.springframework.boot.test.autoconfigure.web.servlet.WebDriverTestExecutionListener@28802ff, org.springframework.boot.test.mock.mockito.ResetMocksTestExecutionListener@418ad16c]

  .   ____          _            __ _ _
 /\\ / ___'_ __ _ _(_)_ __  __ _ \ \ \ \
( ( )\___ | '_ | '_| | '_ \/ _` | \ \ \ \
 \\/  ___)| |_)| | | | | || (_| |  ) ) ) )
  '  |____| .__|_| |_|_| |_\__, | / / / /
 =========|_|==============|___/=/_/_/_/
 :: Spring Boot ::        (v2.1.7.RELEASE)

2021-07-02 02:22:39.396  INFO 19250 --- [    Test worker] c.s.springboot.web.IndexControllerTest   : Starting IndexControllerTest on hong-yuseog-ui-MacBookPro.local with PID 19250 (started by hong-yuseok in /Users/hong-yuseok/spring_boot/springboot_board)
2021-07-02 02:22:39.396  INFO 19250 --- [    Test worker] c.s.springboot.web.IndexControllerTest   : No active profile set, falling back to default profiles: default
2021-07-02 02:22:39.706  INFO 19250 --- [    Test worker] .s.d.r.c.RepositoryConfigurationDelegate : Bootstrapping Spring Data repositories in DEFAULT mode.
2021-07-02 02:22:39.759  INFO 19250 --- [    Test worker] .s.d.r.c.RepositoryConfigurationDelegate : Finished Spring Data repository scanning in 45ms. Found 2 repository interfaces.
2021-07-02 02:22:40.012  INFO 19250 --- [    Test worker] trationDelegate$BeanPostProcessorChecker : Bean 'org.springframework.transaction.annotation.ProxyTransactionManagementConfiguration' of type [org.springframework.transaction.annotation.ProxyTransactionManagementConfiguration$$EnhancerBySpringCGLIB$$97d02ad6] is not eligible for getting processed by all BeanPostProcessors (for example: not eligible for auto-proxying)
2021-07-02 02:22:40.324  INFO 19250 --- [    Test worker] o.s.b.w.embedded.tomcat.TomcatWebServer  : Tomcat initialized with port(s): 0 (http)
2021-07-02 02:22:40.352  INFO 19250 --- [    Test worker] o.apache.catalina.core.StandardService   : Starting service [Tomcat]
2021-07-02 02:22:40.353  INFO 19250 --- [    Test worker] org.apache.catalina.core.StandardEngine  : Starting Servlet engine: [Apache Tomcat/9.0.22]
2021-07-02 02:22:40.500  INFO 19250 --- [    Test worker] o.a.c.c.C.[Tomcat].[localhost].[/]       : Initializing Spring embedded WebApplicationContext
2021-07-02 02:22:40.500  INFO 19250 --- [    Test worker] o.s.web.context.ContextLoader            : Root WebApplicationContext: initialization completed in 1102 ms
2021-07-02 02:22:40.778  INFO 19250 --- [    Test worker] com.zaxxer.hikari.HikariDataSource       : HikariPool-1 - Starting...
2021-07-02 02:22:40.955  INFO 19250 --- [    Test worker] com.zaxxer.hikari.HikariDataSource       : HikariPool-1 - Start completed.
2021-07-02 02:22:41.063  INFO 19250 --- [    Test worker] o.hibernate.jpa.internal.util.LogHelper  : HHH000204: Processing PersistenceUnitInfo [
	name: default
	...]
2021-07-02 02:22:41.158  INFO 19250 --- [    Test worker] org.hibernate.Version                    : HHH000412: Hibernate Core {5.3.10.Final}
2021-07-02 02:22:41.161  INFO 19250 --- [    Test worker] org.hibernate.cfg.Environment            : HHH000206: hibernate.properties not found
2021-07-02 02:22:41.222  INFO 19250 --- [    Test worker] o.hibernate.annotations.common.Version   : HCANN000001: Hibernate Commons Annotations {5.0.4.Final}
2021-07-02 02:22:41.399  INFO 19250 --- [    Test worker] org.hibernate.dialect.Dialect            : HHH000400: Using dialect: org.hibernate.dialect.MySQL5InnoDBDialect
Hibernate: drop table if exists posts
Hibernate: drop table if exists user
Hibernate: create table posts (id bigint not null auto_increment, created_date datetime, modified_date datetime, author varchar(255), content TEXT not null, title varchar(500) not null, primary key (id)) engine=InnoDB
Hibernate: create table user (id bigint not null auto_increment, created_date datetime, modified_date datetime, email varchar(255) not null, name varchar(255) not null, picture varchar(255), role varchar(255) not null, primary key (id)) engine=InnoDB
2021-07-02 02:22:42.172  INFO 19250 --- [    Test worker] o.h.t.schema.internal.SchemaCreatorImpl  : HHH000476: Executing import script 'org.hibernate.tool.schema.internal.exec.ScriptSourceInputNonExistentImpl@6337e250'
2021-07-02 02:22:42.175  INFO 19250 --- [    Test worker] j.LocalContainerEntityManagerFactoryBean : Initialized JPA EntityManagerFactory for persistence unit 'default'
2021-07-02 02:22:42.810  INFO 19250 --- [    Test worker] o.h.h.i.QueryTranslatorFactoryInitiator  : HHH000397: Using ASTQueryTranslatorFactory
2021-07-02 02:22:43.173  INFO 19250 --- [    Test worker] o.s.s.web.DefaultSecurityFilterChain     : Creating filter chain: any request, [org.springframework.security.web.context.request.async.WebAsyncManagerIntegrationFilter@2958d134, org.springframework.security.web.context.SecurityContextPersistenceFilter@75bb3c0a, org.springframework.security.web.header.HeaderWriterFilter@468c774f, org.springframework.security.web.authentication.logout.LogoutFilter@1187a8f6, org.springframework.security.oauth2.client.web.OAuth2AuthorizationRequestRedirectFilter@273ab26d, org.springframework.security.oauth2.client.web.OAuth2LoginAuthenticationFilter@6c956c3b, org.springframework.security.web.authentication.ui.DefaultLoginPageGeneratingFilter@3d70883e, org.springframework.security.web.authentication.ui.DefaultLogoutPageGeneratingFilter@45f3e956, org.springframework.security.web.savedrequest.RequestCacheAwareFilter@62c356be, org.springframework.security.web.servletapi.SecurityContextHolderAwareRequestFilter@475073a6, org.springframework.security.web.authentication.AnonymousAuthenticationFilter@54cd9877, org.springframework.security.web.session.SessionManagementFilter@7d50f15b, org.springframework.security.web.access.ExceptionTranslationFilter@9b3cb88, org.springframework.security.web.access.intercept.FilterSecurityInterceptor@71c0174b]
2021-07-02 02:22:43.391  INFO 19250 --- [    Test worker] o.s.s.concurrent.ThreadPoolTaskExecutor  : Initializing ExecutorService 'applicationTaskExecutor'
2021-07-02 02:22:43.417  WARN 19250 --- [    Test worker] aWebConfiguration$JpaWebMvcConfiguration : spring.jpa.open-in-view is enabled by default. Therefore, database queries may be performed during view rendering. Explicitly configure spring.jpa.open-in-view to disable this warning
2021-07-02 02:22:43.454  INFO 19250 --- [    Test worker] o.s.b.a.w.s.WelcomePageHandlerMapping    : Adding welcome page template: index
2021-07-02 02:22:43.778  INFO 19250 --- [    Test worker] s.a.ScheduledAnnotationBeanPostProcessor : No TaskScheduler/ScheduledExecutorService bean found for scheduled processing
2021-07-02 02:22:43.818  INFO 19250 --- [    Test worker] o.s.b.w.embedded.tomcat.TomcatWebServer  : Tomcat started on port(s): 51489 (http) with context path ''
2021-07-02 02:22:43.820  INFO 19250 --- [    Test worker] c.s.springboot.web.IndexControllerTest   : Started IndexControllerTest in 4.446 seconds (JVM running for 8.142)
2021-07-02 02:22:43.933  INFO 19250 --- [o-auto-1-exec-1] o.a.c.c.C.[Tomcat].[localhost].[/]       : Initializing Spring DispatcherServlet 'dispatcherServlet'
2021-07-02 02:22:43.933  INFO 19250 --- [o-auto-1-exec-1] o.s.web.servlet.DispatcherServlet        : Initializing Servlet 'dispatcherServlet'
2021-07-02 02:22:43.950  INFO 19250 --- [o-auto-1-exec-1] o.s.web.servlet.DispatcherServlet        : Completed initialization in 17 ms
Hibernate: select posts0_.id as id1_0_, posts0_.created_date as created_2_0_, posts0_.modified_date as modified3_0_, posts0_.author as author4_0_, posts0_.content as content5_0_, posts0_.title as title6_0_ from posts posts0_ order by posts0_.id DESC
]]></system-out>
  <system-err><![CDATA[]]></system-err>
</testsuite>
