<?xml version="1.0" encoding="UTF-8"?>
<testsuite name="com.springboot_board.springboot.web.ProfileControllerUnitTest" tests="1" skipped="0" failures="0" errors="0" timestamp="2021-07-07T10:01:24" hostname="hong-yuseog-ui-MacBookPro.local" time="0.091">
  <properties/>
  <testcase name="active_profile이_없으면_default가_조회된다" classname="com.springboot_board.springboot.web.ProfileControllerUnitTest" time="0.091"/>
  <system-out><![CDATA[]]></system-out>
  <system-err><![CDATA[]]></system-err>
</testsuite>
